2025-11-22 08:55:16,283 - wildlife_classifier - INFO - Logging initialized. Log file: output/logs/training_20251122_085516.log
2025-11-22 08:55:16,297 - wildlife_classifier - INFO - ======================================================================
2025-11-22 08:55:16,297 - wildlife_classifier - INFO - Wildlife Three-Class Classification - Training Pipeline
2025-11-22 08:55:16,297 - wildlife_classifier - INFO - ======================================================================
2025-11-22 08:55:16,297 - wildlife_classifier - INFO - Configuration:
2025-11-22 08:55:16,297 - wildlife_classifier - INFO -   dataset_path: cleanData
2025-11-22 08:55:16,297 - wildlife_classifier - INFO -   labels_path: wildlife_Data.json
2025-11-22 08:55:16,297 - wildlife_classifier - INFO -   output_dir: output
2025-11-22 08:55:16,297 - wildlife_classifier - INFO -   batch_size: 32
2025-11-22 08:55:16,297 - wildlife_classifier - INFO -   num_workers: 4
2025-11-22 08:55:16,297 - wildlife_classifier - INFO -   num_epochs: 25
2025-11-22 08:55:16,297 - wildlife_classifier - INFO -   learning_rate: 0.001
2025-11-22 08:55:16,297 - wildlife_classifier - INFO -   seed: 42
2025-11-22 08:55:16,297 - wildlife_classifier - INFO -   train_prefix: T
2025-11-22 08:55:16,297 - wildlife_classifier - INFO -   freeze_backbone: False
2025-11-22 08:55:16,297 - wildlife_classifier - INFO - Using device: cuda
2025-11-22 08:55:16,298 - wildlife_classifier - INFO - GPU: Tesla V100-PCIE-32GB
2025-11-22 08:55:16,299 - wildlife_classifier - INFO - GPU Memory: 31.7 GB
2025-11-22 08:55:16,299 - wildlife_classifier - INFO - PyTorch version: 1.12.1+cu113
2025-11-22 08:55:16,299 - wildlife_classifier - INFO - Torchvision version: 0.13.1+cu113
2025-11-22 08:55:16,299 - wildlife_classifier - INFO - Loading labels from wildlife_Data.json
