2025-11-22 08:29:38,969 - __main__ - INFO - ======================================================================
2025-11-22 08:29:38,969 - __main__ - INFO - Wildlife Three-Class Classification - Training Pipeline
2025-11-22 08:29:38,969 - __main__ - INFO - ======================================================================
2025-11-22 08:29:38,969 - __main__ - INFO - Configuration:
2025-11-22 08:29:38,969 - __main__ - INFO -   dataset_path: cleanData
2025-11-22 08:29:38,969 - __main__ - INFO -   labels_path: wildlife_data.json
2025-11-22 08:29:38,970 - __main__ - INFO -   output_dir: output
2025-11-22 08:29:38,970 - __main__ - INFO -   batch_size: 32
2025-11-22 08:29:38,970 - __main__ - INFO -   num_workers: 4
2025-11-22 08:29:38,970 - __main__ - INFO -   num_epochs: 20
2025-11-22 08:29:38,970 - __main__ - INFO -   learning_rate: 0.001
2025-11-22 08:29:38,970 - __main__ - INFO -   seed: 42
2025-11-22 08:29:38,970 - __main__ - INFO -   train_prefix: T
2025-11-22 08:29:38,970 - __main__ - INFO -   freeze_backbone: False
2025-11-22 08:29:38,970 - __main__ - INFO - Using device: cuda
2025-11-22 08:29:38,972 - __main__ - INFO - GPU: Tesla V100-PCIE-32GB
2025-11-22 08:29:38,972 - __main__ - INFO - GPU Memory: 31.7 GB
2025-11-22 08:29:38,972 - __main__ - INFO - PyTorch version: 1.12.1+cu113
2025-11-22 08:29:38,972 - __main__ - INFO - Torchvision version: 0.13.1+cu113
2025-11-22 08:29:38,972 - __main__ - INFO - Loading labels from wildlife_data.json
2025-11-22 08:29:38,996 - __main__ - INFO - Dataset Statistics:
2025-11-22 08:29:38,996 - __main__ - INFO -   Total images: 25642
2025-11-22 08:29:38,996 - __main__ - INFO -   Empty images (label 0): 5804 (22.6%)
2025-11-22 08:29:38,996 - __main__ - INFO -   Wildlife images (label 1): 7776 (30.3%)
2025-11-22 08:29:38,996 - __main__ - INFO -   Human images (label 2): 12062 (47.0%)
2025-11-22 08:29:41,212 - __main__ - INFO - Image availability:
2025-11-22 08:29:41,212 - __main__ - INFO -   Images found: 25639
2025-11-22 08:29:41,212 - __main__ - INFO -   Images missing: 3
2025-11-22 08:29:41,212 - __main__ - WARNING -   First few missing images: ['C23_madrachi forest_IM_00057.JPG', 'C14_RCNX2254.JPG', 'T12_RCNX0174.JPG']
2025-11-22 08:29:41,312 - __main__ - INFO - Total labeled images found: 25639
2025-11-22 08:29:41,312 - __main__ - INFO - Images starting with 'T' used for training/testing: 11417
2025-11-22 08:29:41,312 - __main__ - INFO - Images excluded (for inference only): 14222
2025-11-22 08:29:41,315 - __main__ - INFO - Train set size: 9133
2025-11-22 08:29:41,315 - __main__ - INFO - Validation set size: 2284
2025-11-22 08:29:41,315 - __main__ - INFO - Data loaders created with batch size: 32, num_workers: 4
2025-11-22 08:29:41,315 - __main__ - INFO - Loading pre-trained ResNet18 model
2025-11-22 08:29:43,523 - __main__ - INFO - Model architecture:
2025-11-22 08:29:43,524 - __main__ - INFO -   ResNet18 with modified final layer
2025-11-22 08:29:43,524 - __main__ - INFO -   Input features to FC layer: 512
2025-11-22 08:29:43,524 - __main__ - INFO -   Output classes: 3 (Empty, Wildlife, Humans)
2025-11-22 08:29:43,524 - __main__ - INFO -   Model moved to: cuda
2025-11-22 08:29:43,524 - __main__ - INFO - Loss function: CrossEntropyLoss
2025-11-22 08:29:43,525 - __main__ - INFO - Optimizer: Adam (lr=0.001)
2025-11-22 08:29:44,740 - __main__ - INFO - Created directories: output/falseEmptyWildlife, output/falseEmptyHumans
2025-11-22 08:29:44,740 - __main__ - INFO - Starting training for 20 epochs
