2025-11-23 12:05:57,301 - wildlife_classifier - INFO - Logging initialized. Log file: output/logs/training_20251123_120557.log
2025-11-23 12:05:57,380 - wildlife_classifier - INFO - ======================================================================
2025-11-23 12:05:57,380 - wildlife_classifier - INFO - Wildlife Three-Class Classification - Training Pipeline
2025-11-23 12:05:57,380 - wildlife_classifier - INFO - ======================================================================
2025-11-23 12:05:57,380 - wildlife_classifier - INFO - Configuration:
2025-11-23 12:05:57,380 - wildlife_classifier - INFO -   dataset_path: cleanData
2025-11-23 12:05:57,380 - wildlife_classifier - INFO -   labels_path: wildlife_data.json
2025-11-23 12:05:57,381 - wildlife_classifier - INFO -   output_dir: output
2025-11-23 12:05:57,381 - wildlife_classifier - INFO -   batch_size: 32
2025-11-23 12:05:57,381 - wildlife_classifier - INFO -   num_workers: 4
2025-11-23 12:05:57,381 - wildlife_classifier - INFO -   num_epochs: 70
2025-11-23 12:05:57,381 - wildlife_classifier - INFO -   learning_rate: 0.001
2025-11-23 12:05:57,381 - wildlife_classifier - INFO -   seed: 42
2025-11-23 12:05:57,381 - wildlife_classifier - INFO -   train_prefix: T
2025-11-23 12:05:57,381 - wildlife_classifier - INFO -   freeze_backbone: False
2025-11-23 12:05:57,381 - wildlife_classifier - INFO - Using device: cuda
2025-11-23 12:05:57,382 - wildlife_classifier - INFO - GPU: Tesla V100-PCIE-32GB
2025-11-23 12:05:57,383 - wildlife_classifier - INFO - GPU Memory: 31.7 GB
2025-11-23 12:05:57,383 - wildlife_classifier - INFO - PyTorch version: 1.12.1+cu113
2025-11-23 12:05:57,383 - wildlife_classifier - INFO - Torchvision version: 0.13.1+cu113
2025-11-23 12:05:57,383 - wildlife_classifier - INFO - Loading labels from wildlife_data.json
2025-11-23 12:05:57,444 - wildlife_classifier - INFO - Dataset Statistics:
2025-11-23 12:05:57,444 - wildlife_classifier - INFO -   Total images: 25642
2025-11-23 12:05:57,444 - wildlife_classifier - INFO -   Empty images (label 0): 5804 (22.6%)
2025-11-23 12:05:57,444 - wildlife_classifier - INFO -   Human images (label 1): 7776 (30.3%)
2025-11-23 12:05:57,444 - wildlife_classifier - INFO -   Wildlife images (label 2): 12062 (47.0%)
2025-11-23 12:06:02,462 - wildlife_classifier - INFO - Image availability:
2025-11-23 12:06:02,463 - wildlife_classifier - INFO -   Images found: 25639
2025-11-23 12:06:02,463 - wildlife_classifier - INFO -   Images missing: 3
2025-11-23 12:06:02,463 - wildlife_classifier - WARNING -   First few missing images: ['C23_madrachi forest_IM_00057.JPG', 'C14_RCNX2254.JPG', 'T12_RCNX0174.JPG']
2025-11-23 12:06:02,655 - wildlife_classifier - INFO - Total labeled images found: 25639
2025-11-23 12:06:02,655 - wildlife_classifier - INFO - Images starting with 'T' used for training/testing: 25639
2025-11-23 12:06:02,655 - wildlife_classifier - INFO - Images excluded (for inference only): 0
2025-11-23 12:06:02,659 - wildlife_classifier - INFO - Train set size: 20511
2025-11-23 12:06:02,659 - wildlife_classifier - INFO - Validation set size: 5128
2025-11-23 12:06:02,660 - wildlife_classifier - INFO - Data loaders created with batch size: 32, num_workers: 4
2025-11-23 12:06:02,660 - wildlife_classifier - INFO - Loading pre-trained ResNet18 model
2025-11-23 12:06:17,917 - wildlife_classifier - INFO - Model architecture:
2025-11-23 12:06:17,917 - wildlife_classifier - INFO -   ResNet18 with modified final layer
2025-11-23 12:06:17,917 - wildlife_classifier - INFO -   Input features to FC layer: 512
2025-11-23 12:06:17,917 - wildlife_classifier - INFO -   Output classes: 3 (Empty, Humans, Wildlife)
2025-11-23 12:06:17,917 - wildlife_classifier - INFO -   Model moved to: cuda
2025-11-23 12:06:17,918 - wildlife_classifier - INFO - Loss function: CrossEntropyLoss
2025-11-23 12:06:17,918 - wildlife_classifier - INFO - Optimizer: Adam (lr=0.001)
2025-11-23 12:06:17,918 - wildlife_classifier - INFO - Created directories: output/falseEmptyHumans, output/falseEmptyWildlife
2025-11-23 12:06:17,918 - wildlife_classifier - INFO - Starting training for 70 epochs
2025-11-23 12:24:36,504 - wildlife_classifier - INFO - Epoch [1/70] Train - Loss: 0.3332, Acc: 0.8758
2025-11-23 12:29:32,321 - wildlife_classifier - INFO - Epoch [1/70] Val - Loss: 0.2074, Acc: 0.9126
2025-11-23 12:29:32,938 - wildlife_classifier - INFO - New best model saved with validation accuracy: 0.9126
2025-11-23 12:29:32,938 - wildlife_classifier - INFO - ----------------------------------------------------------------------
2025-11-23 12:48:00,709 - wildlife_classifier - INFO - Epoch [2/70] Train - Loss: 0.2409, Acc: 0.9043
2025-11-23 12:53:10,185 - wildlife_classifier - INFO - Epoch [2/70] Val - Loss: 0.1782, Acc: 0.9275
2025-11-23 12:53:10,796 - wildlife_classifier - INFO - New best model saved with validation accuracy: 0.9275
2025-11-23 12:53:10,796 - wildlife_classifier - INFO - ----------------------------------------------------------------------
2025-11-23 13:01:44,876 - wildlife_classifier - INFO - Epoch [3/70] Train - Loss: 0.2243, Acc: 0.9114
2025-11-23 13:03:45,188 - wildlife_classifier - INFO - Epoch [3/70] Val - Loss: 0.1761, Acc: 0.9306
2025-11-23 13:03:45,771 - wildlife_classifier - INFO - New best model saved with validation accuracy: 0.9306
2025-11-23 13:03:45,772 - wildlife_classifier - INFO - ----------------------------------------------------------------------
2025-11-23 13:12:25,827 - wildlife_classifier - INFO - Epoch [4/70] Train - Loss: 0.2148, Acc: 0.9123
2025-11-23 13:14:36,027 - wildlife_classifier - INFO - Epoch [4/70] Val - Loss: 0.1705, Acc: 0.9308
2025-11-23 13:14:37,296 - wildlife_classifier - INFO - New best model saved with validation accuracy: 0.9308
2025-11-23 13:14:37,296 - wildlife_classifier - INFO - ----------------------------------------------------------------------
2025-11-23 13:23:05,967 - wildlife_classifier - INFO - Epoch [5/70] Train - Loss: 0.2183, Acc: 0.9134
2025-11-23 13:25:12,261 - wildlife_classifier - INFO - Epoch [5/70] Val - Loss: 0.1731, Acc: 0.9335
2025-11-23 13:25:12,792 - wildlife_classifier - INFO - New best model saved with validation accuracy: 0.9335
2025-11-23 13:25:12,793 - wildlife_classifier - INFO - ----------------------------------------------------------------------
2025-11-23 13:33:46,518 - wildlife_classifier - INFO - Epoch [6/70] Train - Loss: 0.2175, Acc: 0.9113
2025-11-23 13:35:53,033 - wildlife_classifier - INFO - Epoch [6/70] Val - Loss: 0.1681, Acc: 0.9374
2025-11-23 13:35:53,591 - wildlife_classifier - INFO - New best model saved with validation accuracy: 0.9374
2025-11-23 13:35:53,591 - wildlife_classifier - INFO - ----------------------------------------------------------------------
2025-11-23 13:44:24,741 - wildlife_classifier - INFO - Epoch [7/70] Train - Loss: 0.2165, Acc: 0.9116
2025-11-23 13:46:30,742 - wildlife_classifier - INFO - Epoch [7/70] Val - Loss: 0.1634, Acc: 0.9351
2025-11-23 13:46:30,824 - wildlife_classifier - INFO - ----------------------------------------------------------------------
2025-11-23 13:55:00,568 - wildlife_classifier - INFO - Epoch [8/70] Train - Loss: 0.2079, Acc: 0.9147
2025-11-23 13:57:07,771 - wildlife_classifier - INFO - Epoch [8/70] Val - Loss: 0.1668, Acc: 0.9355
2025-11-23 13:57:07,854 - wildlife_classifier - INFO - ----------------------------------------------------------------------
2025-11-23 14:05:34,324 - wildlife_classifier - INFO - Epoch [9/70] Train - Loss: 0.2094, Acc: 0.9161
2025-11-23 14:07:34,628 - wildlife_classifier - INFO - Epoch [9/70] Val - Loss: 0.1678, Acc: 0.9366
2025-11-23 14:07:34,705 - wildlife_classifier - INFO - ----------------------------------------------------------------------
2025-11-23 14:16:02,549 - wildlife_classifier - INFO - Epoch [10/70] Train - Loss: 0.2083, Acc: 0.9159
2025-11-23 14:18:08,698 - wildlife_classifier - INFO - Epoch [10/70] Val - Loss: 0.1647, Acc: 0.9349
2025-11-23 14:18:08,891 - wildlife_classifier - INFO - ----------------------------------------------------------------------
2025-11-23 14:26:36,390 - wildlife_classifier - INFO - Epoch [11/70] Train - Loss: 0.2031, Acc: 0.9187
2025-11-23 14:28:38,143 - wildlife_classifier - INFO - Epoch [11/70] Val - Loss: 0.1630, Acc: 0.9392
2025-11-23 14:28:40,704 - wildlife_classifier - INFO - New best model saved with validation accuracy: 0.9392
2025-11-23 14:28:40,704 - wildlife_classifier - INFO - ----------------------------------------------------------------------
2025-11-23 14:37:05,923 - wildlife_classifier - INFO - Epoch [12/70] Train - Loss: 0.2057, Acc: 0.9179
2025-11-23 14:39:05,530 - wildlife_classifier - INFO - Epoch [12/70] Val - Loss: 0.1647, Acc: 0.9356
2025-11-23 14:39:05,620 - wildlife_classifier - INFO - ----------------------------------------------------------------------
2025-11-23 14:47:40,916 - wildlife_classifier - INFO - Epoch [13/70] Train - Loss: 0.2094, Acc: 0.9135
2025-11-23 14:49:46,422 - wildlife_classifier - INFO - Epoch [13/70] Val - Loss: 0.1808, Acc: 0.9269
2025-11-23 14:49:46,654 - wildlife_classifier - INFO - ----------------------------------------------------------------------
2025-11-23 14:58:22,827 - wildlife_classifier - INFO - Epoch [14/70] Train - Loss: 0.1996, Acc: 0.9175
2025-11-23 15:00:23,376 - wildlife_classifier - INFO - Epoch [14/70] Val - Loss: 0.1626, Acc: 0.9337
2025-11-23 15:00:23,452 - wildlife_classifier - INFO - ----------------------------------------------------------------------
2025-11-23 15:08:49,322 - wildlife_classifier - INFO - Epoch [15/70] Train - Loss: 0.2063, Acc: 0.9180
2025-11-23 15:10:53,980 - wildlife_classifier - INFO - Epoch [15/70] Val - Loss: 0.1645, Acc: 0.9351
2025-11-23 15:10:54,092 - wildlife_classifier - INFO - ----------------------------------------------------------------------
2025-11-23 15:19:24,607 - wildlife_classifier - INFO - Epoch [16/70] Train - Loss: 0.2044, Acc: 0.9160
2025-11-23 15:21:23,114 - wildlife_classifier - INFO - Epoch [16/70] Val - Loss: 0.1593, Acc: 0.9382
2025-11-23 15:21:23,187 - wildlife_classifier - INFO - ----------------------------------------------------------------------
2025-11-23 15:29:38,906 - wildlife_classifier - INFO - Epoch [17/70] Train - Loss: 0.2029, Acc: 0.9178
2025-11-23 15:31:41,622 - wildlife_classifier - INFO - Epoch [17/70] Val - Loss: 0.1787, Acc: 0.9278
2025-11-23 15:31:41,702 - wildlife_classifier - INFO - ----------------------------------------------------------------------
2025-11-23 15:40:01,117 - wildlife_classifier - INFO - Epoch [18/70] Train - Loss: 0.2023, Acc: 0.9188
2025-11-23 15:42:02,052 - wildlife_classifier - INFO - Epoch [18/70] Val - Loss: 0.1604, Acc: 0.9388
2025-11-23 15:42:02,124 - wildlife_classifier - INFO - ----------------------------------------------------------------------
2025-11-23 15:50:23,534 - wildlife_classifier - INFO - Epoch [19/70] Train - Loss: 0.2034, Acc: 0.9188
2025-11-23 15:52:25,475 - wildlife_classifier - INFO - Epoch [19/70] Val - Loss: 0.1663, Acc: 0.9341
2025-11-23 15:52:25,571 - wildlife_classifier - INFO - ----------------------------------------------------------------------
2025-11-23 16:00:53,820 - wildlife_classifier - INFO - Epoch [20/70] Train - Loss: 0.1953, Acc: 0.9197
2025-11-23 16:03:02,197 - wildlife_classifier - INFO - Epoch [20/70] Val - Loss: 0.1787, Acc: 0.9300
2025-11-23 16:03:02,293 - wildlife_classifier - INFO - ----------------------------------------------------------------------
2025-11-23 16:11:29,035 - wildlife_classifier - INFO - Epoch [21/70] Train - Loss: 0.1974, Acc: 0.9194
2025-11-23 16:13:32,192 - wildlife_classifier - INFO - Epoch [21/70] Val - Loss: 0.1576, Acc: 0.9399
2025-11-23 16:13:32,744 - wildlife_classifier - INFO - New best model saved with validation accuracy: 0.9399
2025-11-23 16:13:32,744 - wildlife_classifier - INFO - ----------------------------------------------------------------------
2025-11-23 16:22:11,031 - wildlife_classifier - INFO - Epoch [22/70] Train - Loss: 0.2037, Acc: 0.9171
2025-11-23 16:24:16,974 - wildlife_classifier - INFO - Epoch [22/70] Val - Loss: 0.1648, Acc: 0.9368
2025-11-23 16:24:17,054 - wildlife_classifier - INFO - ----------------------------------------------------------------------
2025-11-23 16:33:05,721 - wildlife_classifier - INFO - Epoch [23/70] Train - Loss: 0.1937, Acc: 0.9218
2025-11-23 16:35:19,309 - wildlife_classifier - INFO - Epoch [23/70] Val - Loss: 0.1627, Acc: 0.9386
2025-11-23 16:35:19,389 - wildlife_classifier - INFO - ----------------------------------------------------------------------
2025-11-23 16:43:44,516 - wildlife_classifier - INFO - Epoch [24/70] Train - Loss: 0.2012, Acc: 0.9186
2025-11-23 16:45:51,105 - wildlife_classifier - INFO - Epoch [24/70] Val - Loss: 0.1594, Acc: 0.9409
2025-11-23 16:45:51,636 - wildlife_classifier - INFO - New best model saved with validation accuracy: 0.9409
2025-11-23 16:45:51,636 - wildlife_classifier - INFO - ----------------------------------------------------------------------
2025-11-23 16:54:15,414 - wildlife_classifier - INFO - Epoch [25/70] Train - Loss: 0.1990, Acc: 0.9198
2025-11-23 16:56:16,617 - wildlife_classifier - INFO - Epoch [25/70] Val - Loss: 0.1603, Acc: 0.9386
2025-11-23 16:56:17,303 - wildlife_classifier - INFO - ----------------------------------------------------------------------
2025-11-23 17:04:40,183 - wildlife_classifier - INFO - Epoch [26/70] Train - Loss: 0.1952, Acc: 0.9210
2025-11-23 17:06:51,995 - wildlife_classifier - INFO - Epoch [26/70] Val - Loss: 0.1666, Acc: 0.9333
2025-11-23 17:06:52,072 - wildlife_classifier - INFO - ----------------------------------------------------------------------
2025-11-23 17:15:20,472 - wildlife_classifier - INFO - Epoch [27/70] Train - Loss: 0.2018, Acc: 0.9192
2025-11-23 17:17:20,305 - wildlife_classifier - INFO - Epoch [27/70] Val - Loss: 0.1614, Acc: 0.9353
2025-11-23 17:17:20,394 - wildlife_classifier - INFO - ----------------------------------------------------------------------
2025-11-23 17:25:56,081 - wildlife_classifier - INFO - Epoch [28/70] Train - Loss: 0.2001, Acc: 0.9187
2025-11-23 17:28:07,505 - wildlife_classifier - INFO - Epoch [28/70] Val - Loss: 0.1806, Acc: 0.9284
2025-11-23 17:28:07,600 - wildlife_classifier - INFO - ----------------------------------------------------------------------
2025-11-23 17:36:46,250 - wildlife_classifier - INFO - Epoch [29/70] Train - Loss: 0.2022, Acc: 0.9187
2025-11-23 17:38:49,783 - wildlife_classifier - INFO - Epoch [29/70] Val - Loss: 0.1607, Acc: 0.9376
2025-11-23 17:38:49,887 - wildlife_classifier - INFO - ----------------------------------------------------------------------
2025-11-23 17:47:12,141 - wildlife_classifier - INFO - Epoch [30/70] Train - Loss: 0.2031, Acc: 0.9167
2025-11-23 17:49:19,760 - wildlife_classifier - INFO - Epoch [30/70] Val - Loss: 0.1610, Acc: 0.9372
2025-11-23 17:49:19,839 - wildlife_classifier - INFO - ----------------------------------------------------------------------
2025-11-23 17:58:11,137 - wildlife_classifier - INFO - Epoch [31/70] Train - Loss: 0.1928, Acc: 0.9218
2025-11-23 18:00:18,522 - wildlife_classifier - INFO - Epoch [31/70] Val - Loss: 0.1597, Acc: 0.9380
2025-11-23 18:00:18,775 - wildlife_classifier - INFO - ----------------------------------------------------------------------
2025-11-23 18:08:52,487 - wildlife_classifier - INFO - Epoch [32/70] Train - Loss: 0.2001, Acc: 0.9191
2025-11-23 18:11:00,027 - wildlife_classifier - INFO - Epoch [32/70] Val - Loss: 0.1605, Acc: 0.9370
2025-11-23 18:11:00,095 - wildlife_classifier - INFO - ----------------------------------------------------------------------
2025-11-23 18:19:40,695 - wildlife_classifier - INFO - Epoch [33/70] Train - Loss: 0.2039, Acc: 0.9172
2025-11-23 18:21:45,785 - wildlife_classifier - INFO - Epoch [33/70] Val - Loss: 0.1643, Acc: 0.9355
2025-11-23 18:21:45,863 - wildlife_classifier - INFO - ----------------------------------------------------------------------
2025-11-23 18:30:10,293 - wildlife_classifier - INFO - Epoch [34/70] Train - Loss: 0.1998, Acc: 0.9188
2025-11-23 18:32:12,328 - wildlife_classifier - INFO - Epoch [34/70] Val - Loss: 0.1623, Acc: 0.9343
2025-11-23 18:32:12,415 - wildlife_classifier - INFO - ----------------------------------------------------------------------
2025-11-23 18:40:39,379 - wildlife_classifier - INFO - Epoch [35/70] Train - Loss: 0.2003, Acc: 0.9198
2025-11-23 18:42:41,301 - wildlife_classifier - INFO - Epoch [35/70] Val - Loss: 0.1669, Acc: 0.9321
2025-11-23 18:42:41,466 - wildlife_classifier - INFO - ----------------------------------------------------------------------
2025-11-23 18:51:04,884 - wildlife_classifier - INFO - Epoch [36/70] Train - Loss: 0.1932, Acc: 0.9221
2025-11-23 18:53:07,838 - wildlife_classifier - INFO - Epoch [36/70] Val - Loss: 0.1587, Acc: 0.9415
2025-11-23 18:53:08,387 - wildlife_classifier - INFO - New best model saved with validation accuracy: 0.9415
2025-11-23 18:53:08,387 - wildlife_classifier - INFO - ----------------------------------------------------------------------
2025-11-23 19:01:40,487 - wildlife_classifier - INFO - Epoch [37/70] Train - Loss: 0.2039, Acc: 0.9174
2025-11-23 19:03:43,726 - wildlife_classifier - INFO - Epoch [37/70] Val - Loss: 0.1551, Acc: 0.9392
2025-11-23 19:03:43,804 - wildlife_classifier - INFO - ----------------------------------------------------------------------
2025-11-23 19:12:12,129 - wildlife_classifier - INFO - Epoch [38/70] Train - Loss: 0.2006, Acc: 0.9193
2025-11-23 19:14:14,672 - wildlife_classifier - INFO - Epoch [38/70] Val - Loss: 0.1672, Acc: 0.9358
2025-11-23 19:14:15,102 - wildlife_classifier - INFO - ----------------------------------------------------------------------
2025-11-23 19:22:29,663 - wildlife_classifier - INFO - Epoch [39/70] Train - Loss: 0.1982, Acc: 0.9219
2025-11-23 19:24:32,763 - wildlife_classifier - INFO - Epoch [39/70] Val - Loss: 0.1583, Acc: 0.9384
2025-11-23 19:24:32,849 - wildlife_classifier - INFO - ----------------------------------------------------------------------
2025-11-23 19:32:56,978 - wildlife_classifier - INFO - Epoch [40/70] Train - Loss: 0.2019, Acc: 0.9185
2025-11-23 19:35:01,806 - wildlife_classifier - INFO - Epoch [40/70] Val - Loss: 0.1578, Acc: 0.9386
2025-11-23 19:35:01,904 - wildlife_classifier - INFO - ----------------------------------------------------------------------
2025-11-23 19:43:42,249 - wildlife_classifier - INFO - Epoch [41/70] Train - Loss: 0.1993, Acc: 0.9199
2025-11-23 19:45:42,886 - wildlife_classifier - INFO - Epoch [41/70] Val - Loss: 0.1572, Acc: 0.9407
2025-11-23 19:45:43,316 - wildlife_classifier - INFO - ----------------------------------------------------------------------
2025-11-23 19:54:21,511 - wildlife_classifier - INFO - Epoch [42/70] Train - Loss: 0.2003, Acc: 0.9184
2025-11-23 19:56:26,709 - wildlife_classifier - INFO - Epoch [42/70] Val - Loss: 0.1679, Acc: 0.9358
2025-11-23 19:56:26,789 - wildlife_classifier - INFO - ----------------------------------------------------------------------
2025-11-23 20:04:55,693 - wildlife_classifier - INFO - Epoch [43/70] Train - Loss: 0.2018, Acc: 0.9185
2025-11-23 20:06:58,269 - wildlife_classifier - INFO - Epoch [43/70] Val - Loss: 0.1584, Acc: 0.9386
2025-11-23 20:06:58,360 - wildlife_classifier - INFO - ----------------------------------------------------------------------
2025-11-23 20:15:22,602 - wildlife_classifier - INFO - Epoch [44/70] Train - Loss: 0.1963, Acc: 0.9193
2025-11-23 20:17:23,689 - wildlife_classifier - INFO - Epoch [44/70] Val - Loss: 0.1687, Acc: 0.9339
2025-11-23 20:17:23,790 - wildlife_classifier - INFO - ----------------------------------------------------------------------
2025-11-23 20:25:49,200 - wildlife_classifier - INFO - Epoch [45/70] Train - Loss: 0.1984, Acc: 0.9209
2025-11-23 20:28:07,350 - wildlife_classifier - INFO - Epoch [45/70] Val - Loss: 0.1887, Acc: 0.9238
2025-11-23 20:28:07,415 - wildlife_classifier - INFO - ----------------------------------------------------------------------
2025-11-23 20:36:34,244 - wildlife_classifier - INFO - Epoch [46/70] Train - Loss: 0.1964, Acc: 0.9208
2025-11-23 20:38:40,228 - wildlife_classifier - INFO - Epoch [46/70] Val - Loss: 0.1572, Acc: 0.9395
2025-11-23 20:38:40,307 - wildlife_classifier - INFO - ----------------------------------------------------------------------
2025-11-23 20:47:11,619 - wildlife_classifier - INFO - Epoch [47/70] Train - Loss: 0.1925, Acc: 0.9222
2025-11-23 20:49:15,645 - wildlife_classifier - INFO - Epoch [47/70] Val - Loss: 0.1658, Acc: 0.9339
2025-11-23 20:49:16,317 - wildlife_classifier - INFO - ----------------------------------------------------------------------
2025-11-23 20:57:33,369 - wildlife_classifier - INFO - Epoch [48/70] Train - Loss: 0.1960, Acc: 0.9211
2025-11-23 20:59:35,716 - wildlife_classifier - INFO - Epoch [48/70] Val - Loss: 0.1553, Acc: 0.9394
2025-11-23 20:59:35,802 - wildlife_classifier - INFO - ----------------------------------------------------------------------
2025-11-23 21:07:56,076 - wildlife_classifier - INFO - Epoch [49/70] Train - Loss: 0.2002, Acc: 0.9194
2025-11-23 21:09:57,269 - wildlife_classifier - INFO - Epoch [49/70] Val - Loss: 0.1768, Acc: 0.9304
2025-11-23 21:09:57,366 - wildlife_classifier - INFO - ----------------------------------------------------------------------
2025-11-23 21:18:26,841 - wildlife_classifier - INFO - Epoch [50/70] Train - Loss: 0.1968, Acc: 0.9198
2025-11-23 21:20:28,426 - wildlife_classifier - INFO - Epoch [50/70] Val - Loss: 0.1717, Acc: 0.9327
2025-11-23 21:20:28,527 - wildlife_classifier - INFO - ----------------------------------------------------------------------
2025-11-23 21:28:50,042 - wildlife_classifier - INFO - Epoch [51/70] Train - Loss: 0.1999, Acc: 0.9178
2025-11-23 21:30:53,259 - wildlife_classifier - INFO - Epoch [51/70] Val - Loss: 0.1793, Acc: 0.9302
2025-11-23 21:30:53,344 - wildlife_classifier - INFO - ----------------------------------------------------------------------
2025-11-23 21:39:25,998 - wildlife_classifier - INFO - Epoch [52/70] Train - Loss: 0.2009, Acc: 0.9180
2025-11-23 21:41:27,873 - wildlife_classifier - INFO - Epoch [52/70] Val - Loss: 0.1611, Acc: 0.9378
2025-11-23 21:41:27,945 - wildlife_classifier - INFO - ----------------------------------------------------------------------
2025-11-23 21:49:51,606 - wildlife_classifier - INFO - Epoch [53/70] Train - Loss: 0.1970, Acc: 0.9188
2025-11-23 21:51:53,005 - wildlife_classifier - INFO - Epoch [53/70] Val - Loss: 0.1670, Acc: 0.9341
2025-11-23 21:51:53,072 - wildlife_classifier - INFO - ----------------------------------------------------------------------
2025-11-23 22:00:13,461 - wildlife_classifier - INFO - Epoch [54/70] Train - Loss: 0.1925, Acc: 0.9211
2025-11-23 22:02:16,503 - wildlife_classifier - INFO - Epoch [54/70] Val - Loss: 0.1548, Acc: 0.9431
2025-11-23 22:02:19,590 - wildlife_classifier - INFO - New best model saved with validation accuracy: 0.9431
2025-11-23 22:02:19,590 - wildlife_classifier - INFO - ----------------------------------------------------------------------
2025-11-23 22:10:47,716 - wildlife_classifier - INFO - Epoch [55/70] Train - Loss: 0.1983, Acc: 0.9195
2025-11-23 22:12:47,161 - wildlife_classifier - INFO - Epoch [55/70] Val - Loss: 0.1555, Acc: 0.9429
2025-11-23 22:12:47,236 - wildlife_classifier - INFO - ----------------------------------------------------------------------
2025-11-23 22:21:07,321 - wildlife_classifier - INFO - Epoch [56/70] Train - Loss: 0.1961, Acc: 0.9197
2025-11-23 22:23:11,331 - wildlife_classifier - INFO - Epoch [56/70] Val - Loss: 0.1578, Acc: 0.9397
2025-11-23 22:23:11,417 - wildlife_classifier - INFO - ----------------------------------------------------------------------
2025-11-23 22:31:27,416 - wildlife_classifier - INFO - Epoch [57/70] Train - Loss: 0.1990, Acc: 0.9189
2025-11-23 22:33:26,524 - wildlife_classifier - INFO - Epoch [57/70] Val - Loss: 0.1804, Acc: 0.9290
2025-11-23 22:33:26,599 - wildlife_classifier - INFO - ----------------------------------------------------------------------
2025-11-23 22:41:54,836 - wildlife_classifier - INFO - Epoch [58/70] Train - Loss: 0.1983, Acc: 0.9211
2025-11-23 22:43:59,266 - wildlife_classifier - INFO - Epoch [58/70] Val - Loss: 0.1655, Acc: 0.9345
2025-11-23 22:43:59,347 - wildlife_classifier - INFO - ----------------------------------------------------------------------
2025-11-23 22:52:18,756 - wildlife_classifier - INFO - Epoch [59/70] Train - Loss: 0.2005, Acc: 0.9201
2025-11-23 22:54:19,425 - wildlife_classifier - INFO - Epoch [59/70] Val - Loss: 0.1631, Acc: 0.9355
2025-11-23 22:54:19,510 - wildlife_classifier - INFO - ----------------------------------------------------------------------
2025-11-23 23:02:41,114 - wildlife_classifier - INFO - Epoch [60/70] Train - Loss: 0.1935, Acc: 0.9220
2025-11-23 23:04:41,145 - wildlife_classifier - INFO - Epoch [60/70] Val - Loss: 0.1672, Acc: 0.9337
2025-11-23 23:04:41,219 - wildlife_classifier - INFO - ----------------------------------------------------------------------
2025-11-23 23:13:00,373 - wildlife_classifier - INFO - Epoch [61/70] Train - Loss: 0.1913, Acc: 0.9210
2025-11-23 23:15:00,227 - wildlife_classifier - INFO - Epoch [61/70] Val - Loss: 0.1627, Acc: 0.9323
2025-11-23 23:15:00,345 - wildlife_classifier - INFO - ----------------------------------------------------------------------
2025-11-23 23:23:39,013 - wildlife_classifier - INFO - Epoch [62/70] Train - Loss: 0.2006, Acc: 0.9207
2025-11-23 23:25:43,718 - wildlife_classifier - INFO - Epoch [62/70] Val - Loss: 0.1693, Acc: 0.9275
2025-11-23 23:25:45,281 - wildlife_classifier - INFO - ----------------------------------------------------------------------
2025-11-23 23:34:22,220 - wildlife_classifier - INFO - Epoch [63/70] Train - Loss: 0.1948, Acc: 0.9219
2025-11-23 23:36:29,190 - wildlife_classifier - INFO - Epoch [63/70] Val - Loss: 0.1638, Acc: 0.9351
2025-11-23 23:36:30,569 - wildlife_classifier - INFO - ----------------------------------------------------------------------
2025-11-23 23:45:10,420 - wildlife_classifier - INFO - Epoch [64/70] Train - Loss: 0.1930, Acc: 0.9222
2025-11-23 23:47:14,414 - wildlife_classifier - INFO - Epoch [64/70] Val - Loss: 0.1615, Acc: 0.9376
2025-11-23 23:47:14,488 - wildlife_classifier - INFO - ----------------------------------------------------------------------
2025-11-23 23:55:58,815 - wildlife_classifier - INFO - Epoch [65/70] Train - Loss: 0.1983, Acc: 0.9199
2025-11-23 23:57:59,703 - wildlife_classifier - INFO - Epoch [65/70] Val - Loss: 0.1616, Acc: 0.9351
2025-11-23 23:58:00,252 - wildlife_classifier - INFO - ----------------------------------------------------------------------
2025-11-24 00:06:28,173 - wildlife_classifier - INFO - Epoch [66/70] Train - Loss: 0.1977, Acc: 0.9211
2025-11-24 00:08:31,188 - wildlife_classifier - INFO - Epoch [66/70] Val - Loss: 0.1654, Acc: 0.9341
2025-11-24 00:08:31,401 - wildlife_classifier - INFO - ----------------------------------------------------------------------
2025-11-24 00:17:08,822 - wildlife_classifier - INFO - Epoch [67/70] Train - Loss: 0.1955, Acc: 0.9210
2025-11-24 00:19:12,410 - wildlife_classifier - INFO - Epoch [67/70] Val - Loss: 0.1564, Acc: 0.9409
2025-11-24 00:19:12,506 - wildlife_classifier - INFO - ----------------------------------------------------------------------
2025-11-24 00:27:54,271 - wildlife_classifier - INFO - Epoch [68/70] Train - Loss: 0.1959, Acc: 0.9209
2025-11-24 00:29:57,419 - wildlife_classifier - INFO - Epoch [68/70] Val - Loss: 0.1621, Acc: 0.9351
2025-11-24 00:29:57,509 - wildlife_classifier - INFO - ----------------------------------------------------------------------
2025-11-24 00:38:28,925 - wildlife_classifier - INFO - Epoch [69/70] Train - Loss: 0.1985, Acc: 0.9190
2025-11-24 00:40:31,624 - wildlife_classifier - INFO - Epoch [69/70] Val - Loss: 0.1591, Acc: 0.9390
2025-11-24 00:40:31,705 - wildlife_classifier - INFO - ----------------------------------------------------------------------
2025-11-24 00:48:58,719 - wildlife_classifier - INFO - Epoch [70/70] Train - Loss: 0.1994, Acc: 0.9183
2025-11-24 00:51:02,300 - wildlife_classifier - INFO - Epoch [70/70] Val - Loss: 0.1789, Acc: 0.9300
2025-11-24 00:51:02,666 - wildlife_classifier - INFO - Saved false negatives - Human: 1, Wildlife: 3
2025-11-24 00:51:02,758 - wildlife_classifier - INFO - ----------------------------------------------------------------------
2025-11-24 00:51:02,758 - wildlife_classifier - INFO - Training completed!
2025-11-24 00:51:02,758 - wildlife_classifier - INFO - Best validation accuracy: 0.9431
2025-11-24 00:51:02,758 - wildlife_classifier - INFO - Generating training history plots
2025-11-24 00:51:04,031 - wildlife_classifier - INFO - Training history plot saved to output/training_history_3class.png
2025-11-24 00:51:04,031 - wildlife_classifier - INFO - Loading best model from output/best_wildlife_model_3class.pth
2025-11-24 00:51:04,568 - wildlife_classifier - INFO - Starting model evaluation
2025-11-24 00:53:07,855 - wildlife_classifier - INFO - Saved false negatives - Human: 1, Wildlife: 3
2025-11-24 00:53:07,856 - wildlife_classifier - INFO - False negatives saved - Human: 1, Wildlife: 3
2025-11-24 00:53:07,881 - wildlife_classifier - INFO - ======================================================================
2025-11-24 00:53:07,881 - wildlife_classifier - INFO - Model Evaluation Results
2025-11-24 00:53:07,881 - wildlife_classifier - INFO - ======================================================================
2025-11-24 00:53:07,881 - wildlife_classifier - INFO - Accuracy:  0.9431
2025-11-24 00:53:07,881 - wildlife_classifier - INFO - Precision: 0.9431
2025-11-24 00:53:07,881 - wildlife_classifier - INFO - Recall:    0.9431
2025-11-24 00:53:07,881 - wildlife_classifier - INFO - F1-Score:  0.9431
2025-11-24 00:53:07,882 - wildlife_classifier - INFO - Generating confusion matrix
2025-11-24 00:53:08,234 - wildlife_classifier - INFO - Confusion matrix saved to output/confusionMatrix_3class.png
2025-11-24 00:53:08,234 - wildlife_classifier - INFO - Confusion Matrix Details:
2025-11-24 00:53:08,234 - wildlife_classifier - INFO -   True Empty → Empty: 1166
2025-11-24 00:53:08,234 - wildlife_classifier - INFO -   True Empty → Humans: 0
2025-11-24 00:53:08,234 - wildlife_classifier - INFO -   True Empty → Wildlife: 0
2025-11-24 00:53:08,234 - wildlife_classifier - INFO -   True Humans → Empty: 1 (false negatives)
2025-11-24 00:53:08,234 - wildlife_classifier - INFO -   True Humans → Humans: 1385
2025-11-24 00:53:08,234 - wildlife_classifier - INFO -   True Humans → Wildlife: 139
2025-11-24 00:53:08,234 - wildlife_classifier - INFO -   True Wildlife → Empty: 3 (false negatives)
2025-11-24 00:53:08,234 - wildlife_classifier - INFO -   True Wildlife → Humans: 149
2025-11-24 00:53:08,234 - wildlife_classifier - INFO -   True Wildlife → Wildlife: 2285
2025-11-24 00:53:08,234 - wildlife_classifier - INFO - ======================================================================
2025-11-24 00:53:08,234 - wildlife_classifier - INFO - Training Complete
2025-11-24 00:53:08,234 - wildlife_classifier - INFO - ======================================================================
2025-11-24 00:53:08,234 - wildlife_classifier - INFO - Best model saved to: output/best_wildlife_model_3class.pth
2025-11-24 00:53:08,234 - wildlife_classifier - INFO - False negatives saved in: output/falseEmptyWildlife and output/falseEmptyHumans
