2025-11-22 08:57:21,964 - wildlife_classifier - INFO - Logging initialized. Log file: output/logs/training_20251122_085721.log
2025-11-22 08:57:21,977 - wildlife_classifier - INFO - ======================================================================
2025-11-22 08:57:21,977 - wildlife_classifier - INFO - Wildlife Three-Class Classification - Training Pipeline
2025-11-22 08:57:21,977 - wildlife_classifier - INFO - ======================================================================
2025-11-22 08:57:21,977 - wildlife_classifier - INFO - Configuration:
2025-11-22 08:57:21,977 - wildlife_classifier - INFO -   dataset_path: cleanData
2025-11-22 08:57:21,977 - wildlife_classifier - INFO -   labels_path: wildlife_data.json
2025-11-22 08:57:21,977 - wildlife_classifier - INFO -   output_dir: output
2025-11-22 08:57:21,977 - wildlife_classifier - INFO -   batch_size: 32
2025-11-22 08:57:21,977 - wildlife_classifier - INFO -   num_workers: 4
2025-11-22 08:57:21,978 - wildlife_classifier - INFO -   num_epochs: 25
2025-11-22 08:57:21,978 - wildlife_classifier - INFO -   learning_rate: 0.001
2025-11-22 08:57:21,978 - wildlife_classifier - INFO -   seed: 42
2025-11-22 08:57:21,978 - wildlife_classifier - INFO -   train_prefix: T
2025-11-22 08:57:21,978 - wildlife_classifier - INFO -   freeze_backbone: False
2025-11-22 08:57:21,978 - wildlife_classifier - INFO - Using device: cuda
2025-11-22 08:57:21,979 - wildlife_classifier - INFO - GPU: Tesla V100-PCIE-32GB
2025-11-22 08:57:21,979 - wildlife_classifier - INFO - GPU Memory: 31.7 GB
2025-11-22 08:57:21,979 - wildlife_classifier - INFO - PyTorch version: 1.12.1+cu113
2025-11-22 08:57:21,979 - wildlife_classifier - INFO - Torchvision version: 0.13.1+cu113
2025-11-22 08:57:21,979 - wildlife_classifier - INFO - Loading labels from wildlife_data.json
2025-11-22 08:57:21,997 - wildlife_classifier - INFO - Dataset Statistics:
2025-11-22 08:57:21,998 - wildlife_classifier - INFO -   Total images: 25642
2025-11-22 08:57:21,998 - wildlife_classifier - INFO -   Empty images (label 0): 5804 (22.6%)
2025-11-22 08:57:21,998 - wildlife_classifier - INFO -   Human images (label 1): 7776 (30.3%)
2025-11-22 08:57:21,998 - wildlife_classifier - INFO -   Wildlife images (label 2): 12062 (47.0%)
2025-11-22 08:57:24,222 - wildlife_classifier - INFO - Image availability:
2025-11-22 08:57:24,223 - wildlife_classifier - INFO -   Images found: 25639
2025-11-22 08:57:24,223 - wildlife_classifier - INFO -   Images missing: 3
2025-11-22 08:57:24,223 - wildlife_classifier - WARNING -   First few missing images: ['C23_madrachi forest_IM_00057.JPG', 'C14_RCNX2254.JPG', 'T12_RCNX0174.JPG']
2025-11-22 08:57:24,256 - wildlife_classifier - INFO - Total labeled images found: 25639
2025-11-22 08:57:24,256 - wildlife_classifier - INFO - Images starting with 'T' used for training/testing: 11417
2025-11-22 08:57:24,256 - wildlife_classifier - INFO - Images excluded (for inference only): 14222
2025-11-22 08:57:24,257 - wildlife_classifier - INFO - Train set size: 9133
2025-11-22 08:57:24,257 - wildlife_classifier - INFO - Validation set size: 2284
2025-11-22 08:57:24,257 - wildlife_classifier - INFO - Data loaders created with batch size: 32, num_workers: 4
2025-11-22 08:57:24,257 - wildlife_classifier - INFO - Loading pre-trained ResNet18 model
2025-11-22 08:57:26,891 - wildlife_classifier - INFO - Model architecture:
2025-11-22 08:57:26,891 - wildlife_classifier - INFO -   ResNet18 with modified final layer
2025-11-22 08:57:26,891 - wildlife_classifier - INFO -   Input features to FC layer: 512
2025-11-22 08:57:26,891 - wildlife_classifier - INFO -   Output classes: 3 (Empty, Humans, Wildlife)
2025-11-22 08:57:26,891 - wildlife_classifier - INFO -   Model moved to: cuda
2025-11-22 08:57:26,891 - wildlife_classifier - INFO - Loss function: CrossEntropyLoss
2025-11-22 08:57:26,891 - wildlife_classifier - INFO - Optimizer: Adam (lr=0.001)
2025-11-22 08:57:26,892 - wildlife_classifier - INFO - Created directories: output/falseEmptyHumans, output/falseEmptyWildlife
2025-11-22 08:57:26,892 - wildlife_classifier - INFO - Starting training for 25 epochs
2025-11-22 09:03:50,161 - wildlife_classifier - INFO - Epoch [1/25] Train - Loss: 0.3099, Acc: 0.8701
2025-11-22 09:05:22,786 - wildlife_classifier - INFO - Epoch [1/25] Val - Loss: 0.1900, Acc: 0.9299
2025-11-22 09:05:23,320 - wildlife_classifier - INFO - New best model saved with validation accuracy: 0.9299
2025-11-22 09:05:23,321 - wildlife_classifier - INFO - ----------------------------------------------------------------------
2025-11-22 09:12:24,328 - wildlife_classifier - INFO - Epoch [2/25] Train - Loss: 0.2095, Acc: 0.9217
2025-11-22 09:14:13,507 - wildlife_classifier - INFO - Epoch [2/25] Val - Loss: 0.1471, Acc: 0.9479
2025-11-22 09:14:14,064 - wildlife_classifier - INFO - New best model saved with validation accuracy: 0.9479
2025-11-22 09:14:14,064 - wildlife_classifier - INFO - ----------------------------------------------------------------------
2025-11-22 09:21:32,744 - wildlife_classifier - INFO - Epoch [3/25] Train - Loss: 0.2021, Acc: 0.9207
2025-11-22 09:23:06,537 - wildlife_classifier - INFO - Epoch [3/25] Val - Loss: 0.1342, Acc: 0.9540
2025-11-22 09:23:07,095 - wildlife_classifier - INFO - New best model saved with validation accuracy: 0.9540
2025-11-22 09:23:07,096 - wildlife_classifier - INFO - ----------------------------------------------------------------------
2025-11-22 09:29:51,852 - wildlife_classifier - INFO - Epoch [4/25] Train - Loss: 0.2024, Acc: 0.9219
2025-11-22 09:31:30,336 - wildlife_classifier - INFO - Epoch [4/25] Val - Loss: 0.1398, Acc: 0.9488
2025-11-22 09:31:30,474 - wildlife_classifier - INFO - ----------------------------------------------------------------------
2025-11-22 09:38:05,696 - wildlife_classifier - INFO - Epoch [5/25] Train - Loss: 0.1822, Acc: 0.9290
2025-11-22 09:39:44,906 - wildlife_classifier - INFO - Epoch [5/25] Val - Loss: 0.1262, Acc: 0.9549
2025-11-22 09:39:45,453 - wildlife_classifier - INFO - New best model saved with validation accuracy: 0.9549
2025-11-22 09:39:45,453 - wildlife_classifier - INFO - ----------------------------------------------------------------------
2025-11-22 09:46:31,692 - wildlife_classifier - INFO - Epoch [6/25] Train - Loss: 0.1832, Acc: 0.9310
2025-11-22 09:48:19,210 - wildlife_classifier - INFO - Epoch [6/25] Val - Loss: 0.1268, Acc: 0.9532
2025-11-22 09:48:19,328 - wildlife_classifier - INFO - ----------------------------------------------------------------------
2025-11-22 09:54:57,705 - wildlife_classifier - INFO - Epoch [7/25] Train - Loss: 0.1847, Acc: 0.9270
2025-11-22 09:56:34,099 - wildlife_classifier - INFO - Epoch [7/25] Val - Loss: 0.1322, Acc: 0.9501
2025-11-22 09:56:34,200 - wildlife_classifier - INFO - ----------------------------------------------------------------------
2025-11-22 10:03:06,170 - wildlife_classifier - INFO - Epoch [8/25] Train - Loss: 0.1758, Acc: 0.9306
2025-11-22 10:04:44,064 - wildlife_classifier - INFO - Epoch [8/25] Val - Loss: 0.1550, Acc: 0.9400
2025-11-22 10:04:44,193 - wildlife_classifier - INFO - ----------------------------------------------------------------------
2025-11-22 10:11:27,104 - wildlife_classifier - INFO - Epoch [9/25] Train - Loss: 0.1711, Acc: 0.9324
2025-11-22 10:13:11,479 - wildlife_classifier - INFO - Epoch [9/25] Val - Loss: 0.1290, Acc: 0.9527
2025-11-22 10:13:11,999 - wildlife_classifier - INFO - ----------------------------------------------------------------------
2025-11-22 10:19:53,118 - wildlife_classifier - INFO - Epoch [10/25] Train - Loss: 0.1814, Acc: 0.9261
2025-11-22 10:21:30,635 - wildlife_classifier - INFO - Epoch [10/25] Val - Loss: 0.1381, Acc: 0.9448
2025-11-22 10:21:30,773 - wildlife_classifier - INFO - ----------------------------------------------------------------------
2025-11-22 10:28:10,816 - wildlife_classifier - INFO - Epoch [11/25] Train - Loss: 0.1729, Acc: 0.9312
2025-11-22 10:29:48,218 - wildlife_classifier - INFO - Epoch [11/25] Val - Loss: 0.1229, Acc: 0.9540
2025-11-22 10:29:48,355 - wildlife_classifier - INFO - ----------------------------------------------------------------------
2025-11-22 10:36:29,305 - wildlife_classifier - INFO - Epoch [12/25] Train - Loss: 0.1812, Acc: 0.9296
2025-11-22 10:38:09,007 - wildlife_classifier - INFO - Epoch [12/25] Val - Loss: 0.1314, Acc: 0.9501
2025-11-22 10:38:09,121 - wildlife_classifier - INFO - ----------------------------------------------------------------------
2025-11-22 10:44:59,175 - wildlife_classifier - INFO - Epoch [13/25] Train - Loss: 0.1791, Acc: 0.9299
2025-11-22 10:46:35,151 - wildlife_classifier - INFO - Epoch [13/25] Val - Loss: 0.1241, Acc: 0.9518
2025-11-22 10:46:35,283 - wildlife_classifier - INFO - ----------------------------------------------------------------------
2025-11-22 10:53:23,889 - wildlife_classifier - INFO - Epoch [14/25] Train - Loss: 0.1725, Acc: 0.9353
2025-11-22 10:54:59,946 - wildlife_classifier - INFO - Epoch [14/25] Val - Loss: 0.1260, Acc: 0.9532
2025-11-22 10:55:00,045 - wildlife_classifier - INFO - ----------------------------------------------------------------------
2025-11-22 11:01:46,705 - wildlife_classifier - INFO - Epoch [15/25] Train - Loss: 0.1710, Acc: 0.9353
2025-11-22 11:03:24,349 - wildlife_classifier - INFO - Epoch [15/25] Val - Loss: 0.1245, Acc: 0.9540
2025-11-22 11:03:25,544 - wildlife_classifier - INFO - ----------------------------------------------------------------------
2025-11-22 11:10:27,778 - wildlife_classifier - INFO - Epoch [16/25] Train - Loss: 0.1704, Acc: 0.9336
2025-11-22 11:12:07,523 - wildlife_classifier - INFO - Epoch [16/25] Val - Loss: 0.1334, Acc: 0.9483
2025-11-22 11:12:08,397 - wildlife_classifier - INFO - ----------------------------------------------------------------------
